<?xml version="1.0" encoding="UTF-8" ?>
<testsuite tests="3" failures="1" name="TestSuite" time="0.366" errors="0" skipped="2">
  <properties>
[...]
</properties>
  <testcase classname="org.qa.testscripts.CrossBrowserTest" name="setup" time="0">
    <failure message="
Parameter &apos;browser&apos; is required by BeforeTest on method setup but has not been marked @Optional or defined
" type="org.testng.TestNGException">org.testng.TestNGException: 
Parameter &apos;browser&apos; is required by BeforeTest on method setup but has not been marked @Optional or defined

	at org.testng.internal.Parameters.createParams(Parameters.java:290)
	at org.testng.internal.Parameters.createParametersForMethod(Parameters.java:359)
	at org.testng.internal.Parameters.createParameters(Parameters.java:620)
	at org.testng.internal.Parameters.createConfigurationParameters(Parameters.java:190)
	at org.testng.internal.Invoker.invokeConfigurations(Invoker.java:209)
	at org.testng.internal.Invoker.invokeConfigurations(Invoker.java:142)
	at org.testng.TestRunner.beforeRun(TestRunner.java:529)
	at org.testng.TestRunner.run(TestRunner.java:497)
	at org.testng.SuiteRunner.runTest(SuiteRunner.java:455)
	at org.testng.SuiteRunner.runSequentially(SuiteRunner.java:450)
	at org.testng.SuiteRunner.privateRun(SuiteRunner.java:415)
	at org.testng.SuiteRunner.run(SuiteRunner.java:364)
	at org.testng.SuiteRunnerWorker.runSuite(SuiteRunnerWorker.java:52)
	at org.testng.SuiteRunnerWorker.run(SuiteRunnerWorker.java:84)
	at org.testng.TestNG.runSuitesSequentially(TestNG.java:1208)
	at org.testng.TestNG.runSuitesLocally(TestNG.java:1137)
	at org.testng.TestNG.runSuites(TestNG.java:1049)
	at org.testng.TestNG.run(TestNG.java:1017)
	at org.apache.maven.surefire.testng.TestNGExecutor.run(TestNGExecutor.java:70)
	at org.apache.maven.surefire.testng.TestNGDirectoryTestSuite.execute(TestNGDirectoryTestSuite.java:102)
	at org.apache.maven.surefire.testng.TestNGProvider.invoke(TestNGProvider.java:114)
	at sun.reflect.NativeMethodAccessorImpl.invoke0(Native Method)
	at sun.reflect.NativeMethodAccessorImpl.invoke(NativeMethodAccessorImpl.java:62)
	at sun.reflect.DelegatingMethodAccessorImpl.invoke(DelegatingMethodAccessorImpl.java:43)
	at java.lang.reflect.Method.invoke(Method.java:498)
	at org.apache.maven.surefire.booter.ProviderFactory$ClassLoaderProxy.invoke(ProviderFactory.java:103)
	at com.sun.proxy.$Proxy0.invoke(Unknown Source)
	at org.apache.maven.surefire.booter.SurefireStarter.invokeProvider(SurefireStarter.java:150)
	at org.apache.maven.surefire.booter.SurefireStarter.runSuitesInProcess(SurefireStarter.java:91)
	at org.apache.maven.surefire.booter.ForkedBooter.main(ForkedBooter.java:69)
</failure>
  </testcase>
  <testcase classname="org.qa.testscripts.CrossBrowserTest" name="execute" time="0.02">
    <skipped/>
  </testcase>
  <testcase classname="org.qa.testscripts.CrossBrowserTest" name="teardown" time="0.025">
    <skipped/>
  </testcase>
</testsuite>